--- Job fullspace3.gms Start 10/11/18 09:56:24 25.1.1 r66732 LEX-LEG x86 64bit/Linux
GAMS 25.1.1   Copyright (C) 1987-2018 GAMS Development. All rights reserved
Licensee: Eval License Carnegie Mellon University        G180112/0001AS-GEN
          Dept. of Chemical Engineering                              DC9476
          License for teaching and research at degree granting institutions
          License Admin: Ignacio E. Grossmann                              
--- Starting compilation
--- fullspace3.gms(228) 3 Mb
--- Starting execution: elapsed 0:00:00.004
--- fullspace3.gms(212) 4 Mb
--- Generating MINLP model pooling
--- fullspace3.gms(216) 6 Mb
---   433 rows  415 columns  2,380 non-zeroes
---   4,350 nl-code  1,344 nl-non-zeroes
---   114 discrete-columns
--- fullspace3.gms(216) 4 Mb
--- Executing ANTIGONE: elapsed 0:00:00.011

ANTIGONE         25.1.1 r66732 Released May 19, 2018 LEG x86 64bit/Linux      
 
-------------------------------------------------------------------------------
ANTIGONE: Algorithms for coNTinuous/Integer Global Optimization; Version 1.1

          Ruth Misener and Christodoulos A. Floudas

          Computer-Aided Systems Laboratory (CASL)
          Department of Chemical & Biological Engineering; Princeton University
-------------------------------------------------------------------------------

Before Pre-processing:
          414 Variables
                 300 Continuous
                 114 Binary
          433 Equations

After Pre-processing:
          354 Variables
                 240 Continuous
                 114 Binary
          367 Equations
                 283 Linear
                  84 Nonconvex nonlinear
          180 Nonlinear Terms
                 180 Bilinear/Quadratic
           36 Possible Reformulation Linearization Technique (RLT) equations
             36 RLT Equations Added Outright to Formulation

Constituent Libraries:
            CPLEX  Solving relaxations
            CONOPT Finding feasible points
            LAPACK Addressing linear systems
            Boost  Bounding Intervals
 
-------------------------------------------------------------------------------
Time (s) Nodes explored Nodes remaining Best possible   Best found Relative Gap
-------------------------------------------------------------------------------
 
       1              1               1    -1.338e+03   -1.159e+03   +1.543e-01
       5              2               3    -1.338e+03   -1.173e+03   +1.410e-01
      10              6               7    -1.338e+03   -1.200e+03   +1.155e-01
      15             10              11    -1.338e+03   -1.333e+03   +4.270e-03
      17             12               0    -1.340e+03   -1.338e+03   +1.000e-03
 
-------------------------------------------------------------------------------
Termination Status : Global minimum
Best Feasible Point: -1.338247e+03
Best Possible Point: -1.339585e+03
       Relative Gap: +1.000000e-03
Algorithm analysis :

                 12 Nodes explored
                  0 Nodes remaining

                  4 Maximum tree depth

                  2 Cutting Planes
                         2 Edge-Concave
 
              16.95 Total time (CPU s)
                      0.03 Pre-processing
                      5.48 Solving MILP relaxations
                      1.19 Searching for feasible solutions
                      9.23 Variable bounds tightening
                             5.70 OBBT
                             6.08 FBBT (1.01 EC; 0.03 RLT; 0.81 Factoring)
                      4.43 Branching
                             4.30 Reliability branching
-------------------------------------------------------------------------------
CONOPT 3         25.1.1 r66732 Released May 19, 2018 LEG x86 64bit/Linux      
 
 
    C O N O P T 3   version 3.17I
    Copyright (C)   ARKI Consulting and Development A/S
                    Bagsvaerdvej 246 A
                    DK-2880 Bagsvaerd, Denmark
 
 
   Iter Phase Ninf   Infeasibility   RGmax    NSB   Step InItr MX OK
      0   0        1.7185639893E-06 (Input point)
 
                   Pre-triangular equations:   45
                   Post-triangular equations:  122
                   Definitional equations:     30
 
      1   0        1.7185639466E-06 (After pre-processing)
      2   0        2.0349059132E-08 (After scaling)
 
 ** Feasible solution. Value of objective =   -1338.24712834
 
   Iter Phase Ninf     Objective     RGmax    NSB   Step InItr MX OK
      5   3       -1.3382471283E+03 6.4E-14     2
 
 ** Optimal solution. Reduced gradient less than tolerance.
 
--- Restarting execution
--- fullspace3.gms(216) 2 Mb
--- Reading solution for model pooling
*** Status: Normal completion
--- Job fullspace3.gms Stop 10/11/18 09:56:42 elapsed 0:00:17.644
