===========================================================================
 BARON version 17.10.16. Built: LNX-64 Mon Oct 16 20:42:56 EDT 2017

 BARON is a product of The Optimization Firm, LLC. http://www.minlp.com/
 Licensee: Can Li at Carnegie Mellon University, canl1@andrew.cmu.edu.

 If you use this software, please cite publications from
 http://www.minlp.com/about-baron, such as: 

 Tawarmalani, M. and N. V. Sahinidis, A polyhedral
 branch-and-cut approach to global optimization,
 Mathematical Programming, 103:225-249, 2005.
===========================================================================
 This BARON run may utilize the following subsolver(s)
 For LP/MIP: ILOG CPLEX                                      
 For NLP: IPOPT, FILTERSD, FILTERSQP
===========================================================================
 Doing local search
 Preprocessing found feasible solution with value -1332.65438415     
 Solving bounding LP
 Starting multi-start local search
 Preprocessing found feasible solution with value -1334.67424531     
 Done with local search
===========================================================================
  Iteration    Open nodes         Time (s)    Lower bound      Upper bound
          1             1             3.51    -1341.95         -1334.67    
*         6             2             4.50    -1341.95         -1338.89    
          7             0             4.61    -1340.23         -1338.89    

 Cleaning up

                         *** Normal completion ***            

 Wall clock time:                     4.00
 Total CPU time used:                 4.62

 Total no. of BaR iterations:       7
 Best solution found at node:       7
 Max. no. of nodes in memory:       4
 
 All done
===========================================================================
-1338.8872967586935
A: 1 dimensions:
[1] = 300.0
[2] = 201.921
[3] = 0.0
[4] = 0.0
[5] = 245.181
S: 1 dimensions:
[1] = 247.102
[2] = 0.0
[3] = 0.0
[4] = 500.0
y: 3 dimensions:
[1,:,:]
  [1,1,:]
    [1,1,1] = 160.3
    [1,1,2] = 112.483
    [1,1,3] = 122.273
  [1,2,:]
    [1,2,1] = 0.0
    [1,2,2] = 15.6235
    [1,2,3] = 0.0
  [1,3,:]
    [1,3,1] = 84.1077
    [1,3,2] = 73.8152
    [1,3,3] = 124.829
[2,:,:]
  [2,1,:]
    [2,1,1] = 0.0
    [2,1,2] = 0.0
    [2,1,3] = 0.0
  [2,2,:]
    [2,2,1] = 0.0
    [2,2,2] = 0.0
    [2,2,3] = 0.0
  [2,3,:]
    [2,3,1] = 0.0
    [2,3,2] = 0.0
    [2,3,3] = 0.0
[3,:,:]
  [3,1,:]
    [3,1,1] = 0.0
    [3,1,2] = 0.0
    [3,1,3] = 0.0
  [3,2,:]
    [3,2,1] = 0.0
    [3,2,2] = 0.0
    [3,2,3] = 0.0
  [3,3,:]
    [3,3,1] = 0.0
    [3,3,2] = 0.0
    [3,3,3] = 0.0
[4,:,:]
  [4,1,:]
    [4,1,1] = 0.0
    [4,1,2] = 116.517
    [4,1,3] = 30.7289
  [4,2,:]
    [4,2,1] = 121.1
    [4,2,2] = 157.376
    [4,2,3] = 224.9
  [4,3,:]
    [4,3,1] = 114.692
    [4,3,2] = 210.185
    [4,3,3] = 244.371
z: 3 dimensions:
[1,:,:]
  [1,1,:]
    [1,1,1] = 0.0
    [1,1,2] = 0.0
    [1,1,3] = 0.0
  [1,2,:]
    [1,2,1] = 0.0
    [1,2,2] = 0.0
    [1,2,3] = 0.0
  [1,3,:]
    [1,3,1] = 0.0
    [1,3,2] = 0.0
    [1,3,3] = 0.0
[2,:,:]
  [2,1,:]
    [2,1,1] = 0.0
    [2,1,2] = 0.0
    [2,1,3] = 0.0
  [2,2,:]
    [2,2,1] = 0.0
    [2,2,2] = 0.0
    [2,2,3] = 0.0
  [2,3,:]
    [2,3,1] = 0.0
    [2,3,2] = 0.0
    [2,3,3] = 0.0
[3,:,:]
  [3,1,:]
    [3,1,1] = 0.0
    [3,1,2] = 0.0
    [3,1,3] = 0.0
  [3,2,:]
    [3,2,1] = 0.0
    [3,2,2] = 0.0
    [3,2,3] = 0.0
  [3,3,:]
    [3,3,1] = 0.0
    [3,3,2] = 0.0
    [3,3,3] = 0.0
[4,:,:]
  [4,1,:]
    [4,1,1] = 0.0
    [4,1,2] = 0.0
    [4,1,3] = 0.0
  [4,2,:]
    [4,2,1] = 0.0
    [4,2,2] = 0.0
    [4,2,3] = 0.0
  [4,3,:]
    [4,3,1] = 0.0
    [4,3,2] = 0.0
    [4,3,3] = 0.0
[5,:,:]
  [5,1,:]
    [5,1,1] = 0.0
    [5,1,2] = 0.0
    [5,1,3] = 0.0
  [5,2,:]
    [5,2,1] = 0.0
    [5,2,2] = 0.0
    [5,2,3] = 0.0
  [5,3,:]
    [5,3,1] = 0.0
    [5,3,2] = 0.0
    [5,3,3] = 0.0
xvalue
scenarios 1
feed 1
[106.125, 0.0, 0.0, 183.049]
feed 2
[138.283, 0.0, 0.0, 52.7429]
feed 3
[0.0, 0.0, 0.0, 0.0]
feed 4
[0.0, 0.0, 0.0, 0.0]
feed 5
[0.0, 0.0, 0.0, 0.0]
scenarios 2
feed 1
[0.0, 0.0, 0.0, 238.897]
feed 2
[201.922, 0.0, 0.0, 0.0]
feed 3
[0.0, 0.0, 0.0, 0.0]
feed 4
[0.0, 0.0, 0.0, 0.0]
feed 5
[0.0, 0.0, 0.0, 245.181]
scenarios 3
feed 1
[86.0496, 0.0, 0.0, 213.95]
feed 2
[161.052, 0.0, 0.0, 40.8686]
feed 3
[0.0, 0.0, 0.0, 0.0]
feed 4
[0.0, 0.0, 0.0, 0.0]
feed 5
[0.0, 0.0, 0.0, 245.181]
q: 3 dimensions:
[1,:,:]
  [1,1,:]
    [1,1,1] = 0.434211
    [1,1,2] = 0.0
    [1,1,3] = 0.348235
  [1,2,:]
    [1,2,1] = 1.0
    [1,2,2] = 0.0
    [1,2,3] = 0.0
  [1,3,:]
    [1,3,1] = 0.0
    [1,3,2] = 0.0
    [1,3,3] = 0.0
  [1,4,:]
    [1,4,1] = 0.776316
    [1,4,2] = 0.49351
    [1,4,3] = 0.427901
[2,:,:]
  [2,1,:]
    [2,1,1] = 0.565789
    [2,1,2] = 1.0
    [2,1,3] = 0.651765
  [2,2,:]
    [2,2,1] = 0.0
    [2,2,2] = 0.0
    [2,2,3] = 0.0
  [2,3,:]
    [2,3,1] = 0.0
    [2,3,2] = 0.0
    [2,3,3] = 0.0
  [2,4,:]
    [2,4,1] = 0.223684
    [2,4,2] = 0.0
    [2,4,3] = 0.0817373
[3,:,:]
  [3,1,:]
    [3,1,1] = 0.0
    [3,1,2] = 0.0
    [3,1,3] = 0.0
  [3,2,:]
    [3,2,1] = 0.0
    [3,2,2] = 0.0
    [3,2,3] = 0.0
  [3,3,:]
    [3,3,1] = 0.0
    [3,3,2] = 0.0
    [3,3,3] = 1.0
  [3,4,:]
    [3,4,1] = 0.0
    [3,4,2] = 0.0
    [3,4,3] = 0.0
[4,:,:]
  [4,1,:]
    [4,1,1] = 0.0
    [4,1,2] = 0.0
    [4,1,3] = 0.0
  [4,2,:]
    [4,2,1] = 0.0
    [4,2,2] = 1.0
    [4,2,3] = 1.0
  [4,3,:]
    [4,3,1] = 1.0
    [4,3,2] = 1.0
    [4,3,3] = 0.0
  [4,4,:]
    [4,4,1] = 0.0
    [4,4,2] = 0.0
    [4,4,3] = 0.0
[5,:,:]
  [5,1,:]
    [5,1,1] = 0.0
    [5,1,2] = 0.0
    [5,1,3] = 0.0
  [5,2,:]
    [5,2,1] = 0.0
    [5,2,2] = 0.0
    [5,2,3] = 0.0
  [5,3,:]
    [5,3,1] = 0.0
    [5,3,2] = 0.0
    [5,3,3] = 0.0
  [5,4,:]
    [5,4,1] = 0.0
    [5,4,2] = 0.50649
    [5,4,3] = 0.490362
gamma_intlt: 1 dimensions:
[1] = 1.0
[2] = 1.0
[3] = 0.0
[4] = 0.0
[5] = 1.0
gamma_pool: 1 dimensions:
[1] = 1.0
[2] = 0.0
[3] = 0.0
[4] = 1.0
uf: 2 dimensions:
[1,:]
  [1,1] = 0.0
  [1,2] = 0.0
  [1,3] = 0.0
[2,:]
  [2,1] = 0.0
  [2,2] = 0.0
  [2,3] = 0.0
[3,:]
  [3,1] = 0.0
  [3,2] = 0.0
  [3,3] = 0.0
[4,:]
  [4,1] = 0.0
  [4,2] = 0.0
  [4,3] = 0.0
[5,:]
  [5,1] = 1.0
  [5,2] = 0.0
  [5,3] = 0.0
ub: 2 dimensions:
[1,:]
  [1,1] = 0.0
  [1,2] = 1.0
  [1,3] = 0.0
[2,:]
  [2,1] = 1.0
  [2,2] = 1.0
  [2,3] = 1.0
[3,:]
  [3,1] = 0.0
  [3,2] = 0.0
  [3,3] = 0.0
[4,:]
  [4,1] = 0.0
  [4,2] = 0.0
  [4,3] = 0.0
[5,:]
  [5,1] = 0.0
  [5,2] = 1.0
  [5,3] = 1.0
ud: 2 dimensions:
[1,:]
  [1,1] = 1.0
  [1,2] = 0.0
  [1,3] = 1.0
[2,:]
  [2,1] = 0.0
  [2,2] = 0.0
  [2,3] = 0.0
[3,:]
  [3,1] = 0.0
  [3,2] = 0.0
  [3,3] = 0.0
[4,:]
  [4,1] = 0.0
  [4,2] = 0.0
  [4,3] = 0.0
[5,:]
  [5,1] = 0.0
  [5,2] = 0.0
  [5,3] = 0.0
Bf: 2 dimensions:
[1,:]
  [1,1] = 0.0
  [1,2] = 0.0
  [1,3] = 0.0
[2,:]
  [2,1] = 0.0
  [2,2] = 0.0
  [2,3] = 0.0
[3,:]
  [3,1] = 0.0
  [3,2] = 0.0
  [3,3] = 0.0
[4,:]
  [4,1] = 0.0
  [4,2] = 0.0
  [4,3] = 0.0
[5,:]
  [5,1] = 0.0
  [5,2] = 0.0
  [5,3] = 0.0
Bd: 2 dimensions:
[1,:]
  [1,1] = 289.174
  [1,2] = 0.0
  [1,3] = 300.0
[2,:]
  [2,1] = 0.0
  [2,2] = 0.0
  [2,3] = 0.0
[3,:]
  [3,1] = 0.0
  [3,2] = 0.0
  [3,3] = 0.0
[4,:]
  [4,1] = 0.0
  [4,2] = 0.0
  [4,3] = 0.0
[5,:]
  [5,1] = 0.0
  [5,2] = 0.0
  [5,3] = 0.0
Bd1: 2 dimensions:
[1,:]
  [1,1] = 150.0
  [1,2] = 0.0
  [1,3] = 150.0
[2,:]
  [2,1] = 0.0
  [2,2] = 0.0
  [2,3] = 0.0
[3,:]
  [3,1] = 0.0
  [3,2] = 0.0
  [3,3] = 0.0
[4,:]
  [4,1] = 0.0
  [4,2] = 0.0
  [4,3] = 0.0
[5,:]
  [5,1] = 0.0
  [5,2] = 0.0
  [5,3] = 0.0
Bd2: 2 dimensions:
[1,:]
  [1,1] = 139.174
  [1,2] = 0.0
  [1,3] = 150.0
[2,:]
  [2,1] = 0.0
  [2,2] = 0.0
  [2,3] = 0.0
[3,:]
  [3,1] = 0.0
  [3,2] = 0.0
  [3,3] = 0.0
[4,:]
  [4,1] = 0.0
  [4,2] = 0.0
  [4,3] = 0.0
[5,:]
  [5,1] = 0.0
  [5,2] = 0.0
  [5,3] = 0.0
Bd11: 2 dimensions:
[1,:]
  [1,1] = 0.0
  [1,2] = 0.0
  [1,3] = 0.0
[2,:]
  [2,1] = 0.0
  [2,2] = 0.0
  [2,3] = 0.0
[3,:]
  [3,1] = 0.0
  [3,2] = 0.0
  [3,3] = 0.0
[4,:]
  [4,1] = 0.0
  [4,2] = 0.0
  [4,3] = 0.0
[5,:]
  [5,1] = 0.0
  [5,2] = 0.0
  [5,3] = 0.0
Bd12: 2 dimensions:
[1,:]
  [1,1] = 150.0
  [1,2] = 0.0
  [1,3] = 150.0
[2,:]
  [2,1] = 0.0
  [2,2] = 0.0
  [2,3] = 0.0
[3,:]
  [3,1] = 0.0
  [3,2] = 0.0
  [3,3] = 0.0
[4,:]
  [4,1] = 0.0
  [4,2] = 0.0
  [4,3] = 0.0
[5,:]
  [5,1] = 0.0
  [5,2] = 0.0
  [5,3] = 0.0
Bb: 2 dimensions:
[1,:]
  [1,1] = 0.0
  [1,2] = 238.898
  [1,3] = 0.0
[2,:]
  [2,1] = 191.026
  [2,2] = 201.921
  [2,3] = 201.921
[3,:]
  [3,1] = 0.0
  [3,2] = 0.0
  [3,3] = 0.0
[4,:]
  [4,1] = 0.0
  [4,2] = 0.0
  [4,3] = 0.0
[5,:]
  [5,1] = 0.0
  [5,2] = 245.181
  [5,3] = 245.181
Bb1: 2 dimensions:
[1,:]
  [1,1] = 0.0
  [1,2] = 0.0
  [1,3] = 0.0
[2,:]
  [2,1] = 0.0
  [2,2] = 0.0
  [2,3] = 0.0
[3,:]
  [3,1] = 0.0
  [3,2] = 0.0
  [3,3] = 0.0
[4,:]
  [4,1] = 0.0
  [4,2] = 0.0
  [4,3] = 0.0
[5,:]
  [5,1] = 0.0
  [5,2] = 0.0
  [5,3] = 0.0
Bb2: 2 dimensions:
[1,:]
  [1,1] = 0.0
  [1,2] = 238.898
  [1,3] = 0.0
[2,:]
  [2,1] = 191.026
  [2,2] = 201.921
  [2,3] = 201.921
[3,:]
  [3,1] = 0.0
  [3,2] = 0.0
  [3,3] = 0.0
[4,:]
  [4,1] = 0.0
  [4,2] = 0.0
  [4,3] = 0.0
[5,:]
  [5,1] = 0.0
  [5,2] = 245.181
  [5,3] = 245.181
